<?xml version="1.0" encoding="UTF-8"?>
<testng-results ignored="0" total="1" passed="1" failed="0" skipped="0">
  <reporter-output>
  </reporter-output>
  <suite started-at="2023-10-11T16:25:39 PDT" name="Default suite" finished-at="2023-10-11T16:25:42 PDT" duration-ms="3225">
    <groups>
    </groups>
    <test started-at="2023-10-11T16:25:39 PDT" name="Default test" finished-at="2023-10-11T16:25:42 PDT" duration-ms="3225">
      <class name="Http_methods.JsonSchemaValidation">
        <test-method signature="jsonSchemavalidation()[pri:0, instance:Http_methods.JsonSchemaValidation@2ed2d9cb]" started-at="2023-10-11T16:25:39 PDT" name="jsonSchemavalidation" finished-at="2023-10-11T16:25:42 PDT" duration-ms="3164" status="PASS">
          <reporter-output>
          </reporter-output>
        </test-method> <!-- jsonSchemavalidation -->
      </class> <!-- Http_methods.JsonSchemaValidation -->
    </test> <!-- Default test -->
  </suite> <!-- Default suite -->
</testng-results>
