<?xml version="1.0" encoding="UTF-8"?>
<testng-results ignored="0" total="3" passed="2" failed="1" skipped="0">
  <reporter-output>
  </reporter-output>
  <suite started-at="2023-09-28T18:58:46 PDT" name="Default suite" finished-at="2023-09-28T18:58:51 PDT" duration-ms="4793">
    <groups>
    </groups>
    <test started-at="2023-09-28T18:58:46 PDT" name="Default test" finished-at="2023-09-28T18:58:51 PDT" duration-ms="4793">
      <class name="tests.PostUser">
        <test-method is-config="true" signature="beforeTest()[pri:0, instance:tests.PostUser@65f8f5ae]" started-at="2023-09-28T18:58:46 PDT" name="beforeTest" finished-at="2023-09-28T18:58:46 PDT" duration-ms="17" status="PASS">
          <reporter-output>
          </reporter-output>
        </test-method> <!-- beforeTest -->
        <test-method signature="createUser()[pri:1, instance:tests.PostUser@65f8f5ae]" started-at="2023-09-28T18:58:47 PDT" name="createUser" finished-at="2023-09-28T18:58:50 PDT" duration-ms="3008" status="PASS">
          <reporter-output>
          </reporter-output>
        </test-method> <!-- createUser -->
        <test-method signature="getSingleUser()[pri:2, instance:tests.PostUser@65f8f5ae]" started-at="2023-09-28T18:58:50 PDT" name="getSingleUser" finished-at="2023-09-28T18:58:50 PDT" duration-ms="293" status="PASS">
          <reporter-output>
          </reporter-output>
        </test-method> <!-- getSingleUser -->
        <test-method signature="ValidateJsonResponse()[pri:3, instance:tests.PostUser@65f8f5ae]" started-at="2023-09-28T18:58:50 PDT" name="ValidateJsonResponse" finished-at="2023-09-28T18:58:51 PDT" duration-ms="1373" status="FAIL">
          <exception class="java.lang.NullPointerException">
            <message>
              <![CDATA[Cannot invoke "java.util.Map.size()" because the return value of "io.restassured.path.json.JsonPath.getMap(String)" is null]]>
            </message>
            <full-stacktrace>
              <![CDATA[java.lang.NullPointerException: Cannot invoke "java.util.Map.size()" because the return value of "io.restassured.path.json.JsonPath.getMap(String)" is null
at tests.PostUser.ValidateJsonResponse(PostUser.java:83)
at java.base/jdk.internal.reflect.DirectMethodHandleAccessor.invoke(DirectMethodHandleAccessor.java:104)
at java.base/java.lang.reflect.Method.invoke(Method.java:578)
at org.testng.internal.invokers.MethodInvocationHelper.invokeMethod(MethodInvocationHelper.java:139)
at org.testng.internal.invokers.TestInvoker.invokeMethod(TestInvoker.java:664)
at org.testng.internal.invokers.TestInvoker.invokeTestMethod(TestInvoker.java:227)
at org.testng.internal.invokers.MethodRunner.runInSequence(MethodRunner.java:50)
at org.testng.internal.invokers.TestInvoker$MethodInvocationAgent.invoke(TestInvoker.java:957)
at org.testng.internal.invokers.TestInvoker.invokeTestMethods(TestInvoker.java:200)
at org.testng.internal.invokers.TestMethodWorker.invokeTestMethods(TestMethodWorker.java:148)
at org.testng.internal.invokers.TestMethodWorker.run(TestMethodWorker.java:128)
at java.base/java.util.ArrayList.forEach(ArrayList.java:1511)
at org.testng.TestRunner.privateRun(TestRunner.java:848)
at org.testng.TestRunner.run(TestRunner.java:621)
at org.testng.SuiteRunner.runTest(SuiteRunner.java:443)
at org.testng.SuiteRunner.runSequentially(SuiteRunner.java:437)
at org.testng.SuiteRunner.privateRun(SuiteRunner.java:397)
at org.testng.SuiteRunner.run(SuiteRunner.java:336)
at org.testng.SuiteRunnerWorker.runSuite(SuiteRunnerWorker.java:52)
at org.testng.SuiteRunnerWorker.run(SuiteRunnerWorker.java:95)
at org.testng.TestNG.runSuitesSequentially(TestNG.java:1280)
at org.testng.TestNG.runSuitesLocally(TestNG.java:1200)
at org.testng.TestNG.runSuites(TestNG.java:1114)
at org.testng.TestNG.run(TestNG.java:1082)
at org.testng.remote.AbstractRemoteTestNG.run(AbstractRemoteTestNG.java:115)
at org.testng.remote.RemoteTestNG.initAndRun(RemoteTestNG.java:251)
at org.testng.remote.RemoteTestNG.main(RemoteTestNG.java:77)
]]>
            </full-stacktrace>
          </exception> <!-- java.lang.NullPointerException -->
          <reporter-output>
          </reporter-output>
        </test-method> <!-- ValidateJsonResponse -->
      </class> <!-- tests.PostUser -->
    </test> <!-- Default test -->
  </suite> <!-- Default suite -->
</testng-results>
